2025-01-20 16:26:40,882 - INFO - Loading data...
2025-01-20 16:26:40,882 - INFO - Loading data...
2025-01-20 16:26:50,795 - INFO - Preparing data for training...
2025-01-20 16:26:50,795 - INFO - Preparing data for training...
2025-01-20 16:26:56,500 - INFO - Training the recommendation model...
2025-01-20 16:26:56,500 - INFO - Training the recommendation model...
2025-01-20 16:29:20,532 - INFO - Loading data...
2025-01-20 16:29:20,532 - INFO - Loading data...
2025-01-20 16:29:30,561 - INFO - Preparing data for training...
2025-01-20 16:29:30,561 - INFO - Preparing data for training...
2025-01-20 16:29:30,561 - INFO - Encoding categorical columns...
2025-01-20 16:29:30,561 - INFO - Encoding categorical columns...
2025-01-20 16:29:37,983 - INFO - Training the recommendation model...
2025-01-20 16:29:37,983 - INFO - Training the recommendation model...
2025-01-20 16:30:20,854 - INFO - Model trained successfully.
2025-01-20 16:30:20,854 - INFO - Model trained successfully.
2025-01-20 16:30:23,329 - INFO - Loading data...
2025-01-20 16:30:23,329 - INFO - Loading data...
2025-01-20 16:30:50,124 - INFO - Preparing data for training...
2025-01-20 16:30:50,124 - INFO - Preparing data for training...
2025-01-20 16:30:50,378 - INFO - Encoding categorical columns...
2025-01-20 16:30:50,378 - INFO - Encoding categorical columns...
2025-01-20 16:31:06,325 - INFO - Training the recommendation model...
2025-01-20 16:31:06,325 - INFO - Training the recommendation model...
2025-01-20 16:32:52,824 - INFO - Model trained successfully.
2025-01-20 16:32:52,824 - INFO - Model trained successfully.
2025-01-20 16:34:10,925 - INFO - Generating recommendations...
2025-01-20 16:34:10,925 - INFO - Generating recommendations...
2025-01-20 16:37:32,433 - INFO - Loading data...
2025-01-20 16:37:32,433 - INFO - Loading data...
2025-01-20 16:37:42,574 - INFO - Preparing data for training...
2025-01-20 16:37:42,574 - INFO - Preparing data for training...
2025-01-20 16:37:42,713 - INFO - Encoding categorical columns...
2025-01-20 16:37:42,713 - INFO - Encoding categorical columns...
2025-01-20 16:37:49,389 - INFO - Training the recommendation model...
2025-01-20 16:37:49,389 - INFO - Training the recommendation model...
2025-01-20 16:38:34,833 - INFO - Model trained successfully.
2025-01-20 16:38:34,833 - INFO - Model trained successfully.
2025-01-20 16:38:38,179 - INFO - Loading data...
2025-01-20 16:38:38,179 - INFO - Loading data...
2025-01-20 16:39:13,840 - INFO - Preparing data for training...
2025-01-20 16:39:13,840 - INFO - Preparing data for training...
2025-01-20 16:39:14,045 - INFO - Encoding categorical columns...
2025-01-20 16:39:14,045 - INFO - Encoding categorical columns...
2025-01-20 16:39:22,107 - INFO - Training the recommendation model...
2025-01-20 16:39:22,107 - INFO - Training the recommendation model...
2025-01-20 16:41:13,109 - INFO - Model trained successfully.
2025-01-20 16:41:13,109 - INFO - Model trained successfully.
